Information: Layer M8 is ignored for resistance and capacitance computation. (RCEX-019)
Information: Layer M9 is ignored for resistance and capacitance computation. (RCEX-019)
Information: Layer MRDL is ignored for resistance and capacitance computation. (RCEX-019)
****************************************************************
Information: TLUPlus based RC computation is enabled. (RCEX-141)
****************************************************************
Information: The distance unit in Capacitance and Resistance is 1 micron. (RCEX-007)
Information: The RC model used is TLU+. (RCEX-015)
Information: Library Derived Cap for layer M1 : 0.16 0.14 (RCEX-011)
Information: Library Derived Res for layer M1 : 2e-06 2e-06 (RCEX-011)
Information: Library Derived Cap for layer M2 : 0.17 0.15 (RCEX-011)
Information: Library Derived Res for layer M2 : 1.8e-06 1.8e-06 (RCEX-011)
Information: Library Derived Cap for layer M3 : 0.11 0.096 (RCEX-011)
Information: Library Derived Res for layer M3 : 1.8e-06 1.8e-06 (RCEX-011)
Information: Library Derived Cap for layer M4 : 0.11 0.096 (RCEX-011)
Information: Library Derived Res for layer M4 : 1.8e-06 1.8e-06 (RCEX-011)
Information: Library Derived Cap for layer M5 : 0.094 0.079 (RCEX-011)
Information: Library Derived Res for layer M5 : 1.8e-06 1.8e-06 (RCEX-011)
Information: Library Derived Cap for layer M6 : 0.094 0.079 (RCEX-011)
Information: Library Derived Res for layer M6 : 1.8e-06 1.8e-06 (RCEX-011)
Information: Library Derived Cap for layer M7 : 0.092 0.076 (RCEX-011)
Information: Library Derived Res for layer M7 : 1.8e-06 1.8e-06 (RCEX-011)
Information: Library Derived Cap for layer M8 : 0.092 0.076 (RCEX-011)
Information: Library Derived Res for layer M8 : 1.8e-06 1.8e-06 (RCEX-011)
Information: Library Derived Cap for layer M9 : 0.11 0.088 (RCEX-011)
Information: Library Derived Res for layer M9 : 1.8e-06 1.8e-06 (RCEX-011)
Information: Library Derived Cap for layer MRDL : 0.11 0.11 (RCEX-011)
Information: Library Derived Res for layer MRDL : 1.8e-07 1.8e-07 (RCEX-011)
Information: Library Derived Horizontal Cap : 0.11 0.098 (RCEX-011)
Information: Library Derived Horizontal Res : 1.8e-06 1.8e-06 (RCEX-011)
Information: Library Derived Vertical Cap : 0.12 0.11 (RCEX-011)
Information: Library Derived Vertical Res : 1.8e-06 1.8e-06 (RCEX-011)
Information: Using derived R and C coefficients. (RCEX-008)
Information: Using region-based R and C coefficients. (RCEX-013)
Information: Library Derived Via Res : 5.8e-07 5.8e-07 (RCEX-011)

Generating congestion map using Zroute global route ...
Start Global Route ... 
[Init] Elapsed real time: 0:00:00 
[Init] Elapsed cpu  time: sys=0:00:00 usr=0:00:00 total=0:00:00
[Init] Stage (MB): Used    0  Alloctr    0  Proc    0 
[Init] Total (MB): Used    6  Alloctr    6  Proc 2185 
Printing options for 'set_route_zrt_common_options'

Printing options for 'set_route_zrt_global_options'

Begin global routing.
Turn off antenna since no rule is specified
Cell Min-Routing-Layer = M1
Cell Max-Routing-Layer = M7
Warning: Cannot find a default contact for layer CO. (ZRT-022)
Information: Multiple default contact VIA89 found for layer VIA8. (ZRT-021)
Current Stage stats:
[End of Read DB] Elapsed real time: 0:00:00 
[End of Read DB] Elapsed cpu  time: sys=0:00:00 usr=0:00:00 total=0:00:00
[End of Read DB] Stage (MB): Used   27  Alloctr   28  Proc   32 
[End of Read DB] Total (MB): Used   34  Alloctr   34  Proc 2217 
Constructing data structure ...
Design statistics:
Design Bounding Box (0.00,0.00,17.48,18.39)
Number of routing layers = 10
layer M1, dir Hor, min width = 0.05, min space = 0.05 pitch = 0.15
layer M2, dir Ver, min width = 0.06, min space = 0.06 pitch = 0.15
layer M3, dir Hor, min width = 0.06, min space = 0.06 pitch = 0.30
layer M4, dir Ver, min width = 0.06, min space = 0.06 pitch = 0.30
layer M5, dir Hor, min width = 0.06, min space = 0.06 pitch = 0.61
layer M6, dir Ver, min width = 0.06, min space = 0.06 pitch = 0.61
layer M7, dir Hor, min width = 0.06, min space = 0.06 pitch = 1.22
layer M8, dir Ver, min width = 0.06, min space = 0.06 pitch = 1.22
layer M9, dir Hor, min width = 0.16, min space = 0.16 pitch = 2.43
layer MRDL, dir Ver, min width = 2.00, min space = 2.00 pitch = 4.86
Current Stage stats:
[End of Build Tech Data] Elapsed real time: 0:00:00 
[End of Build Tech Data] Elapsed cpu  time: sys=0:00:00 usr=0:00:00 total=0:00:00
[End of Build Tech Data] Stage (MB): Used    0  Alloctr    0  Proc    0 
[End of Build Tech Data] Total (MB): Used   34  Alloctr   35  Proc 2217 
Net statistics:
Total number of nets     = 78
Number of nets to route  = 78
Current Stage stats:
[End of Build All Nets] Elapsed real time: 0:00:00 
[End of Build All Nets] Elapsed cpu  time: sys=0:00:00 usr=0:00:00 total=0:00:00
[End of Build All Nets] Stage (MB): Used    0  Alloctr    0  Proc    0 
[End of Build All Nets] Total (MB): Used   34  Alloctr   35  Proc 2217 
Average gCell capacity  2.78	 on layer (1)	 M1
Average gCell capacity  11.40	 on layer (2)	 M2
Average gCell capacity  5.34	 on layer (3)	 M3
Average gCell capacity  5.65	 on layer (4)	 M4
Average gCell capacity  2.73	 on layer (5)	 M5
Average gCell capacity  2.80	 on layer (6)	 M6
Average gCell capacity  1.36	 on layer (7)	 M7
Average gCell capacity  1.40	 on layer (8)	 M8
Average gCell capacity  0.00	 on layer (9)	 M9
Average gCell capacity  0.00	 on layer (10)	 MRDL
Average number of tracks per gCell 11.09	 on layer (1)	 M1
Average number of tracks per gCell 11.60	 on layer (2)	 M2
Average number of tracks per gCell 5.64	 on layer (3)	 M3
Average number of tracks per gCell 5.90	 on layer (4)	 M4
Average number of tracks per gCell 2.91	 on layer (5)	 M5
Average number of tracks per gCell 3.10	 on layer (6)	 M6
Average number of tracks per gCell 1.55	 on layer (7)	 M7
Average number of tracks per gCell 1.60	 on layer (8)	 M8
Average number of tracks per gCell 0.82	 on layer (9)	 M9
Average number of tracks per gCell 0.50	 on layer (10)	 MRDL
Number of gCells = 1100
Current Stage stats:
[End of Build Congestion map] Elapsed real time: 0:00:00 
[End of Build Congestion map] Elapsed cpu  time: sys=0:00:00 usr=0:00:00 total=0:00:00
[End of Build Congestion map] Stage (MB): Used    0  Alloctr    0  Proc    0 
[End of Build Congestion map] Total (MB): Used   34  Alloctr   35  Proc 2217 
Total stats:
[End of Build Data] Elapsed real time: 0:00:00 
[End of Build Data] Elapsed cpu  time: sys=0:00:00 usr=0:00:00 total=0:00:00
[End of Build Data] Stage (MB): Used    0  Alloctr    0  Proc    0 
[End of Build Data] Total (MB): Used   34  Alloctr   35  Proc 2217 
Current Stage stats:
[End of Blocked Pin Detection] Elapsed real time: 0:00:00 
[End of Blocked Pin Detection] Elapsed cpu  time: sys=0:00:00 usr=0:00:00 total=0:00:00
[End of Blocked Pin Detection] Stage (MB): Used    0  Alloctr    0  Proc    0 
[End of Blocked Pin Detection] Total (MB): Used   34  Alloctr   35  Proc 2217 
Information: Using 8 threads for routing. (ZRT-444)
multi gcell levels ON

Start GR phase 0
Current Stage stats:
[End of Initial Routing] Elapsed real time: 0:00:00 
[End of Initial Routing] Elapsed cpu  time: sys=0:00:00 usr=0:00:00 total=0:00:00
[End of Initial Routing] Stage (MB): Used    0  Alloctr    0  Proc    0 
[End of Initial Routing] Total (MB): Used   34  Alloctr   35  Proc 2217 
Initial. Routing result:
Initial. Both Dirs: Overflow =     0 Max = 0 GRCs =     1 (0.45%)
Initial. H routing: Overflow =     0 Max = 0 (GRCs =  1) GRCs =     1 (0.91%)
Initial. V routing: Overflow =     0 Max = 0 (GRCs =  0) GRCs =     0 (0.00%)
Initial. M1         Overflow =     0 Max = 0 (GRCs =  0) GRCs =     0 (0.00%)
Initial. M2         Overflow =     0 Max = 0 (GRCs =  0) GRCs =     0 (0.00%)
Initial. M3         Overflow =     0 Max = 0 (GRCs =  1) GRCs =     1 (0.91%)
Initial. M4         Overflow =     0 Max = 0 (GRCs =  0) GRCs =     0 (0.00%)
Initial. M5         Overflow =     0 Max = 0 (GRCs =  0) GRCs =     0 (0.00%)
Initial. M6         Overflow =     0 Max = 0 (GRCs =  0) GRCs =     0 (0.00%)
Initial. M7         Overflow =     0 Max = 0 (GRCs =  0) GRCs =     0 (0.00%)
Initial. M8         Overflow =     0 Max = 0 (GRCs =  0) GRCs =     0 (0.00%)
Initial. M9         Overflow =     0 Max = 0 (GRCs =  0) GRCs =     0 (0.00%)
Initial. MRDL       Overflow =     0 Max = 0 (GRCs =  0) GRCs =     0 (0.00%)

Initial. Total Wire Length = 383.19
Initial. Layer M1 wire length = 17.87
Initial. Layer M2 wire length = 220.77
Initial. Layer M3 wire length = 118.57
Initial. Layer M4 wire length = 25.99
Initial. Layer M5 wire length = 0.00
Initial. Layer M6 wire length = 0.00
Initial. Layer M7 wire length = 0.00
Initial. Layer M8 wire length = 0.00
Initial. Layer M9 wire length = 0.00
Initial. Layer MRDL wire length = 0.00
Initial. Total Number of Contacts = 308
Initial. Via VIA12SQ_C count = 180
Initial. Via VIA23SQ_C count = 118
Initial. Via VIA34SQ_C count = 10
Initial. Via VIA45SQ_C count = 0
Initial. Via VIA56SQ_C count = 0
Initial. Via VIA67SQ_C count = 0
Initial. Via VIA78SQ_C count = 0
Initial. Via VIA89_C count = 0
Initial. Via VIA9RDL count = 0
Initial. completed.

Start GR phase 1
Current Stage stats:
[End of Phase1 Routing] Elapsed real time: 0:00:00 
[End of Phase1 Routing] Elapsed cpu  time: sys=0:00:00 usr=0:00:00 total=0:00:00
[End of Phase1 Routing] Stage (MB): Used    0  Alloctr    0  Proc    0 
[End of Phase1 Routing] Total (MB): Used   34  Alloctr   35  Proc 2217 
phase1. Routing result:
phase1. Both Dirs: Overflow =     0 Max = 0 GRCs =     0 (0.00%)
phase1. H routing: Overflow =     0 Max = 0 (GRCs =  0) GRCs =     0 (0.00%)
phase1. V routing: Overflow =     0 Max = 0 (GRCs =  0) GRCs =     0 (0.00%)
phase1. M1         Overflow =     0 Max = 0 (GRCs =  0) GRCs =     0 (0.00%)
phase1. M2         Overflow =     0 Max = 0 (GRCs =  0) GRCs =     0 (0.00%)
phase1. M3         Overflow =     0 Max = 0 (GRCs =  0) GRCs =     0 (0.00%)
phase1. M4         Overflow =     0 Max = 0 (GRCs =  0) GRCs =     0 (0.00%)
phase1. M5         Overflow =     0 Max = 0 (GRCs =  0) GRCs =     0 (0.00%)
phase1. M6         Overflow =     0 Max = 0 (GRCs =  0) GRCs =     0 (0.00%)
phase1. M7         Overflow =     0 Max = 0 (GRCs =  0) GRCs =     0 (0.00%)
phase1. M8         Overflow =     0 Max = 0 (GRCs =  0) GRCs =     0 (0.00%)
phase1. M9         Overflow =     0 Max = 0 (GRCs =  0) GRCs =     0 (0.00%)
phase1. MRDL       Overflow =     0 Max = 0 (GRCs =  0) GRCs =     0 (0.00%)

phase1. Total Wire Length = 383.19
phase1. Layer M1 wire length = 17.87
phase1. Layer M2 wire length = 220.77
phase1. Layer M3 wire length = 118.57
phase1. Layer M4 wire length = 25.99
phase1. Layer M5 wire length = 0.00
phase1. Layer M6 wire length = 0.00
phase1. Layer M7 wire length = 0.00
phase1. Layer M8 wire length = 0.00
phase1. Layer M9 wire length = 0.00
phase1. Layer MRDL wire length = 0.00
phase1. Total Number of Contacts = 308
phase1. Via VIA12SQ_C count = 180
phase1. Via VIA23SQ_C count = 118
phase1. Via VIA34SQ_C count = 10
phase1. Via VIA45SQ_C count = 0
phase1. Via VIA56SQ_C count = 0
phase1. Via VIA67SQ_C count = 0
phase1. Via VIA78SQ_C count = 0
phase1. Via VIA89_C count = 0
phase1. Via VIA9RDL count = 0
phase1. completed.

Start GR phase 2
Current Stage stats:
[End of Phase2 Routing] Elapsed real time: 0:00:00 
[End of Phase2 Routing] Elapsed cpu  time: sys=0:00:00 usr=0:00:00 total=0:00:00
[End of Phase2 Routing] Stage (MB): Used    0  Alloctr    0  Proc    0 
[End of Phase2 Routing] Total (MB): Used   34  Alloctr   35  Proc 2217 
phase2. Routing result:
phase2. Both Dirs: Overflow =     0 Max = 0 GRCs =     0 (0.00%)
phase2. H routing: Overflow =     0 Max = 0 (GRCs =  0) GRCs =     0 (0.00%)
phase2. V routing: Overflow =     0 Max = 0 (GRCs =  0) GRCs =     0 (0.00%)
phase2. M1         Overflow =     0 Max = 0 (GRCs =  0) GRCs =     0 (0.00%)
phase2. M2         Overflow =     0 Max = 0 (GRCs =  0) GRCs =     0 (0.00%)
phase2. M3         Overflow =     0 Max = 0 (GRCs =  0) GRCs =     0 (0.00%)
phase2. M4         Overflow =     0 Max = 0 (GRCs =  0) GRCs =     0 (0.00%)
phase2. M5         Overflow =     0 Max = 0 (GRCs =  0) GRCs =     0 (0.00%)
phase2. M6         Overflow =     0 Max = 0 (GRCs =  0) GRCs =     0 (0.00%)
phase2. M7         Overflow =     0 Max = 0 (GRCs =  0) GRCs =     0 (0.00%)
phase2. M8         Overflow =     0 Max = 0 (GRCs =  0) GRCs =     0 (0.00%)
phase2. M9         Overflow =     0 Max = 0 (GRCs =  0) GRCs =     0 (0.00%)
phase2. MRDL       Overflow =     0 Max = 0 (GRCs =  0) GRCs =     0 (0.00%)

phase2. Total Wire Length = 383.20
phase2. Layer M1 wire length = 17.87
phase2. Layer M2 wire length = 220.77
phase2. Layer M3 wire length = 118.57
phase2. Layer M4 wire length = 25.99
phase2. Layer M5 wire length = 0.00
phase2. Layer M6 wire length = 0.00
phase2. Layer M7 wire length = 0.00
phase2. Layer M8 wire length = 0.00
phase2. Layer M9 wire length = 0.00
phase2. Layer MRDL wire length = 0.00
phase2. Total Number of Contacts = 308
phase2. Via VIA12SQ_C count = 180
phase2. Via VIA23SQ_C count = 118
phase2. Via VIA34SQ_C count = 10
phase2. Via VIA45SQ_C count = 0
phase2. Via VIA56SQ_C count = 0
phase2. Via VIA67SQ_C count = 0
phase2. Via VIA78SQ_C count = 0
phase2. Via VIA89_C count = 0
phase2. Via VIA9RDL count = 0
phase2. completed.
[End of Whole Chip Routing] Elapsed real time: 0:00:00 
[End of Whole Chip Routing] Elapsed cpu  time: sys=0:00:00 usr=0:00:00 total=0:00:00
[End of Whole Chip Routing] Stage (MB): Used    0  Alloctr    0  Proc    0 
[End of Whole Chip Routing] Total (MB): Used   34  Alloctr   35  Proc 2217 

Congestion utilization per direction:
Average vertical track utilization   =  9.97 %
Peak    vertical track utilization   = 38.10 %
Average horizontal track utilization = 10.72 %
Peak    horizontal track utilization = 40.00 %

Current Stage stats:
[GR: Done] Elapsed real time: 0:00:00 
[GR: Done] Elapsed cpu  time: sys=0:00:00 usr=0:00:00 total=0:00:00
[GR: Done] Stage (MB): Used    0  Alloctr    0  Proc    0 
[GR: Done] Total (MB): Used   34  Alloctr   35  Proc 2217 
GR Total stats:
[GR: Done] Elapsed real time: 0:00:00 
[GR: Done] Elapsed cpu  time: sys=0:00:00 usr=0:00:00 total=0:00:00
[GR: Done] Stage (MB): Used   28  Alloctr   28  Proc   32 
[GR: Done] Total (MB): Used   34  Alloctr   35  Proc 2217 
Updating congestion ...
Final total stats:
[End of Global Routing] Elapsed real time: 0:00:00 
[End of Global Routing] Elapsed cpu  time: sys=0:00:00 usr=0:00:00 total=0:00:00
[End of Global Routing] Stage (MB): Used   27  Alloctr   28  Proc   32 
[End of Global Routing] Total (MB): Used   34  Alloctr   34  Proc 2217 
 
****************************************
Report : congestion
Design : TOP
Version: O-2018.06-SP4
Date   : Mon Oct  3 17:19:30 2022
****************************************

Both Dirs: Overflow = 0 Max = 0 (0 GRCs) GRCs = 0 (0.00%)
H routing: Overflow = 0 Max = 0 (0 GRCs) GRCs = 0  (0.00%)
V routing: Overflow = 0 Max = 0 (0 GRCs) GRCs = 0  (0.00%)
1
