 
****************************************
Report : area
Design : floating_MAC_16
Version: O-2018.06-SP4
Date   : Mon Dec 19 22:16:04 2022
****************************************

Information: Updating design information... (UID-85)
Library(s) Used:

    saed32rvt_ff1p16vn40c (File: /data/SYNOPSYS/lib/32nm/SAED32_EDK/lib/stdcell_rvt/db_ccs/saed32rvt_ff1p16vn40c.db)

Number of ports:                          375
Number of nets:                          1192
Number of cells:                          722
Number of combinational cells:            525
Number of sequential cells:               185
Number of macros/black boxes:               0
Number of buf/inv:                         58
Number of references:                       2

Combinational area:               1507.836360
Buf/Inv area:                       78.276353
Noncombinational area:            1300.200730
Macro/Black Box area:                0.000000
Net Interconnect area:             497.825980

Total cell area:                  2808.037090
Total area:                       3305.863071
1
