****************************************
Report : timing
	-path_type full
	-delay_type max
	-input_pins
	-nets
	-max_paths 1
	-transition_time
	-capacitance
	-sort_by slack
Design : floating_MAC_16
Version: O-2018.06-SP4
Date   : Mon Dec 19 22:21:05 2022
****************************************


  Startpoint: MUL/frac_01_reg[1]
               (rising edge-triggered flip-flop clocked by MAIN_CLOCK)
  Endpoint: MUL/frac_temp_in_reg[18]
               (rising edge-triggered flip-flop clocked by MAIN_CLOCK)
  Path Group: MAIN_CLOCK
  Path Type: max

  Point                       Fanout    Cap      Trans       Incr       Path
  -----------------------------------------------------------------------------
  clock MAIN_CLOCK (rise edge)                    0.00       0.00       0.00
  clock network delay (ideal)                                0.00       0.00
  MUL/frac_01_reg[1]/CLK (DFFARX1_RVT)            0.00       0.00       0.00 r
  MUL/frac_01_reg[1]/Q (DFFARX1_RVT)              0.03       0.07       0.07 f
  MUL/frac_01[1] (net)          10     5.94 
  MUL/mult_80/U221/A2 (AND2X1_RVT)                0.03       0.00       0.07 f
  MUL/mult_80/U221/Y (AND2X1_RVT)                 0.01       0.02       0.09 f
  MUL/mult_80/n251 (net)         1     0.98 
  MUL/mult_80/U91/B0 (HADDX1_RVT)                 0.01       0.00       0.09 f
  MUL/mult_80/U91/SO (HADDX1_RVT)                 0.01       0.03       0.12 r
  MUL/mult_80/n162 (net)         2     1.05 
  MUL/mult_80/U316/A2 (AO222X1_RVT)               0.01       0.00       0.12 r
  MUL/mult_80/U316/Y (AO222X1_RVT)                0.02       0.04       0.17 r
  MUL/mult_80/n322 (net)         2     1.08 
  MUL/mult_80/U315/A3 (AO222X1_RVT)               0.02       0.00       0.17 r
  MUL/mult_80/U315/Y (AO222X1_RVT)                0.02       0.04       0.20 r
  MUL/mult_80/n321 (net)         2     1.04 
  MUL/mult_80/U314/A1 (AO222X1_RVT)               0.02       0.00       0.20 r
  MUL/mult_80/U314/Y (AO222X1_RVT)                0.02       0.05       0.25 r
  MUL/mult_80/n320 (net)         2     1.04 
  MUL/mult_80/U313/A1 (AO222X1_RVT)               0.02       0.00       0.25 r
  MUL/mult_80/U313/Y (AO222X1_RVT)                0.02       0.05       0.29 r
  MUL/mult_80/n319 (net)         2     1.04 
  MUL/mult_80/U312/A1 (AO222X1_RVT)               0.02       0.00       0.29 r
  MUL/mult_80/U312/Y (AO222X1_RVT)                0.02       0.05       0.34 r
  MUL/mult_80/n318 (net)         2     1.04 
  MUL/mult_80/U311/A1 (AO222X1_RVT)               0.02       0.00       0.34 r
  MUL/mult_80/U311/Y (AO222X1_RVT)                0.02       0.05       0.38 r
  MUL/mult_80/n317 (net)         2     1.04 
  MUL/mult_80/U310/A1 (AO222X1_RVT)               0.02       0.00       0.38 r
  MUL/mult_80/U310/Y (AO222X1_RVT)                0.02       0.05       0.43 r
  MUL/mult_80/n316 (net)         2     1.04 
  MUL/mult_80/U309/A1 (AO222X1_RVT)               0.02       0.00       0.43 r
  MUL/mult_80/U309/Y (AO222X1_RVT)                0.02       0.05       0.48 r
  MUL/mult_80/n10 (net)          1     1.43 
  MUL/mult_80/U10/CI (FADDX1_RVT)                 0.02       0.00       0.48 r
  MUL/mult_80/U10/CO (FADDX1_RVT)                 0.02       0.03       0.51 r
  MUL/mult_80/n9 (net)           1     1.43 
  MUL/mult_80/U9/CI (FADDX1_RVT)                  0.02       0.00       0.51 r
  MUL/mult_80/U9/CO (FADDX1_RVT)                  0.02       0.03       0.54 r
  MUL/mult_80/n8 (net)           1     1.43 
  MUL/mult_80/U8/CI (FADDX1_RVT)                  0.02       0.00       0.54 r
  MUL/mult_80/U8/CO (FADDX1_RVT)                  0.02       0.03       0.57 r
  MUL/mult_80/n7 (net)           1     1.43 
  MUL/mult_80/U7/CI (FADDX1_RVT)                  0.02       0.00       0.57 r
  MUL/mult_80/U7/CO (FADDX1_RVT)                  0.02       0.03       0.60 r
  MUL/mult_80/n6 (net)           1     1.43 
  MUL/mult_80/U6/CI (FADDX1_RVT)                  0.02       0.00       0.60 r
  MUL/mult_80/U6/CO (FADDX1_RVT)                  0.02       0.03       0.63 r
  MUL/mult_80/n5 (net)           1     1.43 
  MUL/mult_80/U5/CI (FADDX1_RVT)                  0.02       0.00       0.63 r
  MUL/mult_80/U5/CO (FADDX1_RVT)                  0.02       0.03       0.66 r
  MUL/mult_80/n4 (net)           1     1.43 
  MUL/mult_80/U4/CI (FADDX1_RVT)                  0.02       0.00       0.66 r
  MUL/mult_80/U4/CO (FADDX1_RVT)                  0.02       0.03       0.69 r
  MUL/mult_80/n3 (net)           1     1.43 
  MUL/mult_80/U3/CI (FADDX1_RVT)                  0.02       0.00       0.69 r
  MUL/mult_80/U3/CO (FADDX1_RVT)                  0.02       0.03       0.72 r
  MUL/mult_80/n2 (net)           1     1.43 
  MUL/mult_80/U2/CI (FADDX1_RVT)                  0.02       0.00       0.72 r
  MUL/mult_80/U2/S (FADDX1_RVT)                   0.01       0.04       0.76 f
  MUL/mult_80/product[18] (net)
                                 1     0.61 
  MUL/U53/A1 (AND2X1_RVT)                         0.01       0.00       0.76 f
  MUL/U53/Y (AND2X1_RVT)                          0.01       0.02       0.78 f
  MUL/N45 (net)                  1     0.56 
  MUL/frac_temp_in_reg[18]/D (DFFARX1_RVT)        0.01       0.00       0.78 f
  data arrival time                                                     0.78

  clock MAIN_CLOCK (rise edge)                    0.00      10.00      10.00
  clock network delay (ideal)                                0.00      10.00
  clock reconvergence pessimism                              0.00      10.00
  clock uncertainty                                         -0.50       9.50
  MUL/frac_temp_in_reg[18]/CLK (DFFARX1_RVT)                            9.50 r
  library setup time                                        -0.01       9.49
  data required time                                                    9.49
  -----------------------------------------------------------------------------
  data required time                                                    9.49
  data arrival time                                                    -0.78
  -----------------------------------------------------------------------------
  slack (MET)                                                           8.71


1
