Command: /home/capstone6/capstone/lab2/SIM/FUNCTION/./simv -ucli -i fsdb.tcl -l func_simv.log
Chronologic VCS simulator copyright 1991-2017
Contains Synopsys proprietary information.
Compiler version M-2017.03-SP2; Runtime version M-2017.03-SP2;  Dec 23 05:51 2022
ucli% # Example of TB file expression 
ucli% call {$fsdbDumpfile ("TOP.fsdb")};
*Verdi* Loading libsscore_vcs201703.so
FSDB Dumper for VCS, Release Verdi_M-2017.03-SP2, Linux, 08/20/2017
(C) 1996 - 2017 by Synopsys, Inc.
*Verdi* : Create FSDB file 'TOP.fsdb'
ucli% call {$fsdbDumpvars (0, TB_TOP)};
*Verdi* : Begin traversing the scope (TB_TOP), layer (0).
*Verdi* : End of traversing.
ucli% run
$finish called from file "../TESTBENCH/TB_TOP.v", line 27.
$finish at simulation time              2000000
           V C S   S i m u l a t i o n   R e p o r t 
Time: 2000000 ps
CPU Time:      0.460 seconds;       Data structure size:   0.0Mb
Fri Dec 23 05:51:54 2022
