version: (200506)

available memory: 64M bytes
used memory: 73728 bytes [need 72K bytes if disable swap]

used block: 2 [memory(2) file(0)]
                 [ 8K(1) 64K(1) { total 72K bytes } ]
overhead: (9522) bytes for (2) blocks [Average: (4761) bytes/block]

write  => 0(times) 0K(bytes) [0K bytes to file]
read   => 1(times) 3K(bytes) [0K bytes compressed data from file]
access => 34616(times) 273M(bytes)
          [hit ratio: 99.9971%]

time: write(0) read(0)  unit: second

swap file directory: (/home/capstone6/capstone/lab3/SIM/FUNCTION/VerdiLog)
used swap file number: (1)



swap file manager:
arrSize: (256)
idxCnt: (3)
closeHead: (1)
closeTail: (2)
openCnt: (2)
fid(2): fd(21) fileName(/home/capstone6/capstone/lab3/SIM/FUNCTION/VerdiLog/_swap_0001#1755720483#19314)
	size(0) lastModTime(0) curModTime(1666620212)
	mode(w+b)	hot(0) cool(1) pos(0)
fid(1): fd(1073741824) fileName(/home/capstone6/capstone/lab3/SIM/FUNCTION/simv.daidir/kdb.elab++/work.lib++/TB_TOP.v.tdc)
	size(1847) lastModTime(1666620193) curModTime(1666620193)
	mode(rb)	hot(2) cool(0) pos(0)
fid(0): fd(0) fileName(NULL)
	mode(NULL)	hot(0) cool(0) pos(0)
==================================================
mySelf(13677370) pre(123773b0) next(0)
version(200506)
date(Jul 27 2017 21:29:45)
