 
****************************************
Report : area
Design : mul_A_bw16
Version: O-2018.06-SP4
Date   : Mon Oct 31 23:46:47 2022
****************************************

Information: Updating design information... (UID-85)
Library(s) Used:

    saed32rvt_ff1p16vn40c (File: /data/SYNOPSYS/lib/32nm/SAED32_EDK/lib/stdcell_rvt/db_ccs/saed32rvt_ff1p16vn40c.db)

Number of ports:                         1046
Number of nets:                          3614
Number of cells:                         2593
Number of combinational cells:            809
Number of sequential cells:               874
Number of macros/black boxes:               0
Number of buf/inv:                        128
Number of references:                      16

Combinational area:               2422.754742
Buf/Inv area:                      171.801346
Noncombinational area:            6219.412076
Macro/Black Box area:                0.000000
Net Interconnect area:            1644.323619

Total cell area:                  8642.166818
Total area:                      10286.490437
1
