Information: Propagating switching activity (medium effort zero delay simulation). (PWR-6)
Warning: Design has unannotated primary inputs. (PWR-414)
Warning: Design has unannotated sequential cell outputs. (PWR-415)
 
****************************************
Report : power
        -analysis_effort medium
Design : mul_A_bw8
Version: O-2018.06-SP4
Date   : Mon Oct 31 23:24:05 2022
****************************************


Library(s) Used:

    saed32rvt_ff1p16vn40c (File: /data/SYNOPSYS/lib/32nm/SAED32_EDK/lib/stdcell_rvt/db_ccs/saed32rvt_ff1p16vn40c.db)


Operating Conditions: ff1p16vn40c   Library: saed32rvt_ff1p16vn40c
Wire Load Model Mode: enclosed

Design        Wire Load Model            Library
------------------------------------------------
mul_A_bw8              8000              saed32rvt_ff1p16vn40c


Global Operating Voltage = 1.16 
Power-specific unit information :
    Voltage Units = 1V
    Capacitance Units = 1.000000ff
    Time Units = 1ns
    Dynamic Power Units = 1uW    (derived from V,C,T units)
    Leakage Power Units = 1pW


  Cell Internal Power  = 593.4459 uW   (99%)
  Net Switching Power  =   6.6471 uW    (1%)
                         ---------
Total Dynamic Power    = 600.0930 uW  (100%)

Cell Leakage Power     =  53.7492 uW


                 Internal         Switching           Leakage            Total
Power Group      Power            Power               Power              Power   (   %    )  Attrs
--------------------------------------------------------------------------------------------------
io_pad             0.0000            0.0000            0.0000            0.0000  (   0.00%)
memory             0.0000            0.0000            0.0000            0.0000  (   0.00%)
black_box          0.0000            0.0000            0.0000            0.0000  (   0.00%)
clock_network      0.0000            0.0000            0.0000            0.0000  (   0.00%)
register         590.4097            2.5742        3.7763e+07          630.7469  (  96.47%)
sequential         0.0000            0.0000            0.0000            0.0000  (   0.00%)
combinational      3.0362            4.0729        1.5986e+07           23.0953  (   3.53%)
--------------------------------------------------------------------------------------------------
Total            593.4459 uW         6.6471 uW     5.3749e+07 pW       653.8422 uW
1
