Information: Propagating switching activity (medium effort zero delay simulation). (PWR-6)
Warning: Design has unannotated primary inputs. (PWR-414)
Warning: Design has unannotated sequential cell outputs. (PWR-415)
 
****************************************
Report : power
        -analysis_effort medium
Design : mul_A_bw4
Version: O-2018.06-SP4
Date   : Mon Oct 31 23:39:48 2022
****************************************


Library(s) Used:

    saed32rvt_ff1p16vn40c (File: /data/SYNOPSYS/lib/32nm/SAED32_EDK/lib/stdcell_rvt/db_ccs/saed32rvt_ff1p16vn40c.db)


Operating Conditions: ff1p16vn40c   Library: saed32rvt_ff1p16vn40c
Wire Load Model Mode: enclosed

Design        Wire Load Model            Library
------------------------------------------------
mul_A_bw4              8000              saed32rvt_ff1p16vn40c


Global Operating Voltage = 1.16 
Power-specific unit information :
    Voltage Units = 1V
    Capacitance Units = 1.000000ff
    Time Units = 1ns
    Dynamic Power Units = 1uW    (derived from V,C,T units)
    Leakage Power Units = 1pW


  Cell Internal Power  = 140.9983 uW   (99%)
  Net Switching Power  =   1.3901 uW    (1%)
                         ---------
Total Dynamic Power    = 142.3884 uW  (100%)

Cell Leakage Power     =  12.4034 uW


                 Internal         Switching           Leakage            Total
Power Group      Power            Power               Power              Power   (   %    )  Attrs
--------------------------------------------------------------------------------------------------
io_pad             0.0000            0.0000            0.0000            0.0000  (   0.00%)
memory             0.0000            0.0000            0.0000            0.0000  (   0.00%)
black_box          0.0000            0.0000            0.0000            0.0000  (   0.00%)
clock_network      0.0000            0.0000            0.0000            0.0000  (   0.00%)
register         140.1191            0.5978        9.1761e+06          149.8930  (  96.84%)
sequential         0.0000            0.0000            0.0000            0.0000  (   0.00%)
combinational      0.8792            0.7922        3.2274e+06            4.8988  (   3.16%)
--------------------------------------------------------------------------------------------------
Total            140.9983 uW         1.3901 uW     1.2403e+07 pW       154.7918 uW
1
