version: (200506)

available memory: 64M bytes
used memory: 188416 bytes [need 184K bytes if disable swap]

used block: 9 [memory(9) file(0)]
                 [ 8K(7) 64K(2) { total 184K bytes } ]
overhead: (9522) bytes for (9) blocks [Average: (1058) bytes/block]

write  => 0(times) 0K(bytes) [0K bytes to file]
read   => 2(times) 36K(bytes) [7K bytes compressed data from file]
access => 78703(times) 629M(bytes)
          [hit ratio: 99.9975%]

time: write(0) read(0)  unit: second

swap file directory: (/home/capstone6/capstone/Final_simulation/SIM/FUNCTION/VerdiLog)
used swap file number: (3)



swap file manager:
arrSize: (256)
idxCnt: (4)
closeHead: (1)
closeTail: (3)
openCnt: (3)
fid(3): fd(1073741825) fileName(/home/capstone6/capstone/Final_simulation/SIM/FUNCTION/simv.daidir/kdb.elab++/work.lib++/floating_MAC_16.v.tdc)
	size(10737) lastModTime(1671781129) curModTime(1671781129)
	mode(rb)	hot(0) cool(2) pos(0)
fid(2): fd(21) fileName(/home/capstone6/capstone/Final_simulation/SIM/FUNCTION/VerdiLog/_swap_0001#1755720483#5955)
	size(0) lastModTime(0) curModTime(1671781163)
	mode(w+b)	hot(3) cool(1) pos(0)
fid(1): fd(1073741824) fileName(/home/capstone6/capstone/Final_simulation/SIM/FUNCTION/simv.daidir/kdb.elab++/work.lib++/tb_floating.v.tdc)
	size(3150) lastModTime(1671781129) curModTime(1671781129)
	mode(rb)	hot(2) cool(0) pos(0)
fid(0): fd(0) fileName(NULL)
	mode(NULL)	hot(0) cool(0) pos(0)
==================================================
mySelf(1307f870) pre(1215e4a0) next(0)
version(200506)
date(Jul 27 2017 21:29:45)
